\BOOKMARK [1][-]{section.1}{\376\377\000E\000i\000n\000l\000e\000i\000t\000u\000n\000g}{}% 1
\BOOKMARK [1][-]{section.2}{\376\377\000F\000i\000n\000g\000e\000r\000a\000l\000p\000h\000a\000b\000e\000t}{}% 2
\BOOKMARK [1][-]{section.3}{\376\377\000E\000i\000n\000g\000r\000e\000n\000z\000u\000n\000g}{}% 3
\BOOKMARK [1][-]{section.4}{\376\377\000T\000h\000e\000o\000r\000e\000t\000i\000s\000c\000h\000e\000\040\000G\000r\000u\000n\000d\000l\000a\000g\000e\000n}{}% 4
\BOOKMARK [2][-]{subsection.4.1}{\376\377\000A\000l\000l\000g\000e\000m\000e\000i\000n\000e\000\040\000G\000r\000u\000n\000d\000l\000a\000g\000e\000n\000\040\000d\000e\000s\000\040\000M\000a\000s\000c\000h\000i\000n\000e\000l\000l\000e\000n\000\040\000L\000e\000r\000n\000e\000n\000s}{section.4}% 5
\BOOKMARK [3][-]{subsubsection.4.1.1}{\376\377\000A\000r\000t\000e\000n\000\040\000v\000o\000n\000\040\000V\000e\000r\000f\000a\000h\000r\000e\000n\000\040\000d\000e\000s\000\040\000M\000a\000s\000c\000h\000i\000n\000e\000l\000l\000e\000n\000\040\000L\000e\000r\000n\000e\000n\000s}{subsection.4.1}% 6
\BOOKMARK [3][-]{subsubsection.4.1.2}{\376\377\000T\000y\000p\000i\000s\000c\000h\000e\000\040\000P\000r\000o\000b\000l\000e\000m\000e\000\040\000b\000e\000i\000m\000\040\000M\000a\000s\000c\000h\000i\000n\000e\000l\000l\000e\000n\000\040\000L\000e\000r\000n\000e\000n}{subsection.4.1}% 7
\BOOKMARK [3][-]{subsubsection.4.1.3}{\376\377\000D\000a\000t\000e\000n\000v\000o\000r\000v\000e\000r\000a\000r\000b\000e\000i\000t\000u\000n\000g\000\040\000f\000\374\000r\000\040\000B\000i\000l\000d\000d\000a\000t\000e\000n}{subsection.4.1}% 8
\BOOKMARK [3][-]{subsubsection.4.1.4}{\376\377\000Q\000u\000a\000l\000i\000t\000\344\000t\000s\000m\000a\000\337\000e}{subsection.4.1}% 9
\BOOKMARK [3][-]{subsubsection.4.1.5}{\376\377\000T\000e\000s\000t\000e\000n\000\040\000u\000n\000d\000\040\000V\000a\000l\000i\000d\000i\000e\000r\000e\000n}{subsection.4.1}% 10
\BOOKMARK [2][-]{subsection.4.2}{\376\377\000N\000e\000u\000r\000o\000n\000a\000l\000e\000\040\000N\000e\000t\000z\000e}{section.4}% 11
\BOOKMARK [3][-]{subsubsection.4.2.1}{\376\377\000B\000i\000o\000l\000o\000g\000i\000s\000c\000h\000e\000\040\000G\000r\000u\000n\000d\000l\000a\000g\000e\000n}{subsection.4.2}% 12
\BOOKMARK [3][-]{subsubsection.4.2.2}{\376\377\000K\000\374\000n\000s\000t\000l\000i\000c\000h\000e\000\040\000N\000e\000u\000r\000o\000n\000e\000n}{subsection.4.2}% 13
\BOOKMARK [3][-]{subsubsection.4.2.3}{\376\377\000E\000i\000n\000s\000c\000h\000i\000c\000h\000t\000i\000g\000e\000\040\000N\000e\000u\000r\000o\000n\000a\000l\000e\000\040\000N\000e\000t\000z\000e}{subsection.4.2}% 14
\BOOKMARK [3][-]{subsubsection.4.2.4}{\376\377\000G\000r\000a\000d\000i\000e\000n\000t\000e\000n\000a\000b\000s\000t\000i\000e\000g\000s\000v\000e\000r\000f\000a\000h\000r\000e\000n}{subsection.4.2}% 15
\BOOKMARK [3][-]{subsubsection.4.2.5}{\376\377\000M\000e\000h\000r\000s\000c\000h\000i\000c\000h\000t\000i\000g\000e\000\040\000N\000e\000u\000r\000o\000n\000a\000l\000e\000\040\000N\000e\000t\000z\000e}{subsection.4.2}% 16
\BOOKMARK [3][-]{subsubsection.4.2.6}{\376\377\000B\000a\000c\000k\000p\000r\000o\000p\000a\000g\000a\000t\000i\000o\000n\000-\000V\000e\000r\000f\000a\000h\000r\000e\000n}{subsection.4.2}% 17
\BOOKMARK [3][-]{subsubsection.4.2.7}{\376\377\000A\000k\000t\000i\000v\000i\000e\000r\000u\000n\000g\000s\000f\000u\000n\000k\000t\000i\000o\000n\000e\000n}{subsection.4.2}% 18
\BOOKMARK [3][-]{subsubsection.4.2.8}{\376\377\000R\000e\000g\000u\000l\000a\000r\000i\000s\000i\000e\000r\000u\000n\000g\000s\000v\000e\000r\000f\000a\000h\000r\000e\000n}{subsection.4.2}% 19
\BOOKMARK [2][-]{subsection.4.3}{\376\377\000K\000o\000n\000v\000o\000l\000u\000t\000i\000o\000n\000e\000l\000l\000e\000\040\000N\000e\000u\000r\000o\000n\000a\000l\000e\000\040\000N\000e\000t\000z\000e}{section.4}% 20
\BOOKMARK [3][-]{subsubsection.4.3.1}{\376\377\000C\000o\000n\000v\000o\000l\000u\000t\000i\000o\000n\000a\000l\000\040\000L\000a\000y\000e\000r}{subsection.4.3}% 21
\BOOKMARK [3][-]{subsubsection.4.3.2}{\376\377\000P\000o\000o\000l\000i\000n\000g\000\040\000L\000a\000y\000e\000r}{subsection.4.3}% 22
\BOOKMARK [1][-]{section.5}{\376\377\000D\000a\000t\000e\000n\000s\000\344\000t\000z\000e}{}% 23
\BOOKMARK [2][-]{subsection.5.1}{\376\377\000S\000i\000g\000n\000\040\000L\000a\000n\000g\000u\000a\000g\000e\000\040\000M\000N\000I\000S\000T\000\040\000D\000a\000t\000a\000s\000e\000t}{section.5}% 24
\BOOKMARK [2][-]{subsection.5.2}{\376\377\000A\000S\000L\000\040\000A\000l\000p\000h\000a\000b\000e\000t\000\040\000D\000a\000t\000a\000s\000e\000t}{section.5}% 25
\BOOKMARK [2][-]{subsection.5.3}{\376\377\000V\000i\000d\000e\000o\000d\000a\000t\000e\000n\000s\000\344\000t\000z\000e}{section.5}% 26
\BOOKMARK [1][-]{section.6}{\376\377\000E\000n\000t\000w\000i\000c\000k\000l\000u\000n\000g\000s\000p\000r\000o\000z\000e\000s\000s}{}% 27
\BOOKMARK [2][-]{subsection.6.1}{\376\377\000D\000a\000t\000e\000n\000v\000o\000r\000v\000e\000r\000a\000r\000b\000e\000i\000t\000u\000n\000g}{section.6}% 28
\BOOKMARK [3][-]{subsubsection.6.1.1}{\376\377\000S\000i\000g\000n\000\040\000L\000a\000n\000g\000u\000a\000g\000e\000\040\000M\000N\000I\000S\000T\000\040\000D\000a\000t\000a\000s\000e\000t}{subsection.6.1}% 29
\BOOKMARK [3][-]{subsubsection.6.1.2}{\376\377\000A\000S\000L\000\040\000A\000l\000p\000h\000a\000b\000e\000t\000\040\000D\000a\000t\000a\000s\000e\000t}{subsection.6.1}% 30
\BOOKMARK [3][-]{subsubsection.6.1.3}{\376\377\000D\000a\000t\000a\000s\000e\000t\000P\000a\000r\000s\000e\000r\000\040\000P\000a\000k\000e\000t\000e}{subsection.6.1}% 31
\BOOKMARK [2][-]{subsection.6.2}{\376\377\000E\000n\000t\000w\000i\000c\000k\000e\000l\000t\000e\000\040\000M\000o\000d\000e\000l\000l\000e}{section.6}% 32
\BOOKMARK [3][-]{subsubsection.6.2.1}{\376\377\000G\000r\000u\000n\000d\000a\000u\000f\000b\000a\000u\000\040\000d\000e\000s\000\040\000M\000o\000d\000e\000l\000l\000t\000r\000a\000i\000n\000i\000n\000g\000s}{subsection.6.2}% 33
\BOOKMARK [3][-]{subsubsection.6.2.2}{\376\377\000N\000e\000u\000r\000o\000n\000a\000l\000e\000\040\000N\000e\000t\000z\000e}{subsection.6.2}% 34
\BOOKMARK [3][-]{subsubsection.6.2.3}{\376\377\000K\000o\000n\000v\000o\000l\000u\000t\000i\000o\000n\000e\000l\000l\000e\000\040\000N\000e\000u\000r\000o\000n\000a\000l\000e\000\040\000N\000e\000t\000z\000e}{subsection.6.2}% 35
\BOOKMARK [3][-]{subsubsection.6.2.4}{\376\377\000T\000r\000a\000n\000s\000f\000e\000r\000\040\000L\000e\000a\000r\000n\000i\000n\000g\000\040\000m\000i\000t\000t\000e\000l\000s\000\040\000V\000G\000G\0001\0009}{subsection.6.2}% 36
\BOOKMARK [2][-]{subsection.6.3}{\376\377\000B\000a\000c\000k\000e\000n\000d\000\040\000d\000e\000r\000\040\000W\000e\000b\000a\000n\000w\000e\000n\000d\000u\000n\000g}{section.6}% 37
\BOOKMARK [2][-]{subsection.6.4}{\376\377\000F\000r\000o\000n\000t\000e\000n\000d\000\040\000d\000e\000r\000\040\000W\000e\000b\000a\000n\000w\000e\000n\000d\000u\000n\000g}{section.6}% 38
\BOOKMARK [2][-]{subsection.6.5}{\376\377\000E\000r\000g\000e\000b\000n\000i\000s\000s\000e\000\040\000d\000e\000r\000\040\000E\000n\000t\000w\000i\000c\000k\000l\000u\000n\000g}{section.6}% 39
\BOOKMARK [1][-]{section.7}{\376\377\000F\000a\000z\000i\000t}{}% 40
\BOOKMARK [1][-]{section.8}{\376\377\000A\000u\000s\000b\000l\000i\000c\000k}{}% 41
\BOOKMARK [2][-]{subsection.8.1}{\376\377\000D\000a\000t\000a\000\040\000A\000u\000g\000m\000e\000n\000t\000a\000t\000i\000o\000n}{section.8}% 42
\BOOKMARK [2][-]{subsection.8.2}{\376\377\000A\000u\000s\000b\000a\000u\000\040\000d\000e\000s\000\040\000T\000r\000a\000i\000n\000g\000s\000d\000a\000t\000e\000n\000s\000a\000t\000z\000e\000s}{section.8}% 43
\BOOKMARK [2][-]{subsection.8.3}{\376\377\000P\000e\000r\000f\000o\000r\000m\000a\000n\000c\000e\000\040\000d\000e\000s\000\040\000F\000r\000o\000n\000t\000e\000n\000d\000s}{section.8}% 44
\BOOKMARK [2][-]{subsection.8.4}{\376\377\000T\000e\000x\000t\000a\000u\000s\000g\000a\000b\000e\000\040\000i\000m\000\040\000F\000r\000o\000n\000t\000e\000n\000d}{section.8}% 45
\BOOKMARK [2][-]{subsection.8.5}{\376\377\000I\000n\000t\000e\000r\000v\000a\000l\000l\000\040\000d\000e\000r\000\040\000H\000a\000n\000d\000z\000e\000i\000c\000h\000e\000n\000e\000r\000k\000e\000n\000n\000u\000n\000g}{section.8}% 46
\BOOKMARK [1][-]{section.9}{\376\377\000Q\000u\000e\000l\000l\000e\000n}{}% 47
